<?xml version="1.0" encoding="UTF-8"?>
<robot generator="Robot 4.1.3 (Python 3.7.7 on win32)" generated="20221014 13:37:14.245" rpa="false" schemaversion="2">
<suite id="s1" name="CatalogTest" source="c:\Users\sebas\Documents\AppiumPractice\Test\CatalogTest.robot">
<test id="s1-t1" name="Scenanario: Validar que el articulo Labs Backpack este contenido en la lista de catalogos">
<kw name="Given abrir aplicacion DemoWeb" library="CatalogSteps" type="SETUP">
<kw name="abrir aplicacion" library="CatalogPage">
<kw name="abrir aplicacion base" library="BasePage">
<arg>Android</arg>
<arg>emulator-5554</arg>
<arg>com.saucelabs.mydemoapp.rn</arg>
<arg>com.saucelabs.mydemoapp.rn.MainActivity</arg>
<arg>UiAutomator2</arg>
<kw name="Open Application" library="AppiumLibrary">
<arg>http://localhost:4723/wd/hub</arg>
<arg>platformName=${plataforma}</arg>
<arg>deviceName=${nombre_dispositivo}</arg>
<arg>appPackage=${app_package}</arg>
<arg>appActivity=${app_activity}</arg>
<arg>automationName=${automation_name}</arg>
<doc>Opens a new application to given Appium server.
Capabilities of appium server, Android and iOS,
Please check https://github.com/appium/appium/blob/master/docs/en/writing-running-appium/server-args.md
| *Option*            | *Man.* | *Description*     |
| remote_url          | Yes    | Appium server url |
| alias               | no     | alias             |</doc>
<kw name="Capture Page Screenshot" library="AppiumLibrary">
<doc>Takes a screenshot of the current page and embeds it into the log.</doc>
<msg timestamp="20221014 13:37:51.146" level="FAIL">No application is open</msg>
<status status="FAIL" starttime="20221014 13:37:51.130" endtime="20221014 13:37:51.155"/>
</kw>
<msg timestamp="20221014 13:37:51.162" level="WARN">Keyword 'Capture Page Screenshot' could not be run on failure: No application is open</msg>
<msg timestamp="20221014 13:37:51.184" level="FAIL">InvalidSessionIdException: Message: The session identified by d4503b58-e875-4999-9831-aee0c2322152 is not known
</msg>
<status status="FAIL" starttime="20221014 13:37:16.611" endtime="20221014 13:37:51.185"/>
</kw>
<status status="FAIL" starttime="20221014 13:37:16.609" endtime="20221014 13:37:51.188"/>
</kw>
<status status="FAIL" starttime="20221014 13:37:16.607" endtime="20221014 13:37:51.194"/>
</kw>
<status status="FAIL" starttime="20221014 13:37:16.606" endtime="20221014 13:37:51.199"/>
</kw>
<status status="FAIL" starttime="20221014 13:37:16.569" endtime="20221014 13:37:51.207">Setup failed:
InvalidSessionIdException: Message: The session identified by d4503b58-e875-4999-9831-aee0c2322152 is not known
</status>
</test>
<status status="FAIL" starttime="20221014 13:37:14.275" endtime="20221014 13:37:51.216"/>
</suite>
<statistics>
<total>
<stat pass="0" fail="1" skip="0">All Tests</stat>
</total>
<tag>
</tag>
<suite>
<stat pass="0" fail="1" skip="0" id="s1" name="CatalogTest">CatalogTest</stat>
</suite>
</statistics>
<errors>
<msg timestamp="20221014 13:37:51.162" level="WARN">Keyword 'Capture Page Screenshot' could not be run on failure: No application is open</msg>
</errors>
</robot>
